<?xml version="1.0" encoding="UTF-8"?>
<robot generator="Robot 6.1.1 (Python 3.8.5 on win32)" generated="20231019 17:42:25.688" rpa="false" schemaversion="4">
<suite id="s1" name="Crm" source="">
<test id="s1-t1" name="Should be able to add new customer" line="14">
<kw name="Begin Web Test" library="CommonApp" type="SETUP">
<kw name="Open Browser" library="SeleniumLibrary">
<arg>about:blank</arg>
<arg>chrome</arg>
<doc>Opens a new browser instance to the optional ``url``.</doc>
<msg timestamp="20231019 17:42:25.972" level="INFO">Opening browser 'chrome' to base url 'about:blank'.</msg>
<status status="PASS" starttime="20231019 17:42:25.972" endtime="20231019 17:42:27.902"/>
</kw>
<status status="PASS" starttime="20231019 17:42:25.971" endtime="20231019 17:42:27.902"/>
</kw>
<kw name="Log" library="BuiltIn">
<arg>Starting the test case!</arg>
<doc>Logs the given message with the given level.</doc>
<msg timestamp="20231019 17:42:27.903" level="INFO">Starting the test case!</msg>
<status status="PASS" starttime="20231019 17:42:27.903" endtime="20231019 17:42:27.903"/>
</kw>
<kw name="Set Selenium Speed" library="SeleniumLibrary">
<arg>0.5s</arg>
<doc>Sets the delay that is waited after each Selenium command.</doc>
<status status="PASS" starttime="20231019 17:42:27.903" endtime="20231019 17:42:27.904"/>
</kw>
<kw name="Load Home Page" library="CrmApp">
<kw name="Load" library="LandingPage">
<kw name="Go To" library="SeleniumLibrary">
<arg>https://automationplayground.com/crm/</arg>
<doc>Navigates the current browser window to the provided ``url``.</doc>
<msg timestamp="20231019 17:42:27.905" level="INFO">Opening url 'https://automationplayground.com/crm/'</msg>
<status status="PASS" starttime="20231019 17:42:27.904" endtime="20231019 17:42:29.081"/>
</kw>
<status status="PASS" starttime="20231019 17:42:27.904" endtime="20231019 17:42:29.081"/>
</kw>
<kw name="Verify Page Loaded" library="LandingPage">
<kw name="Wait Until Page Contains" library="SeleniumLibrary">
<arg>Customers Are Priority One!</arg>
<doc>Waits until ``text`` appears on the current page.</doc>
<status status="PASS" starttime="20231019 17:42:29.081" endtime="20231019 17:42:29.595"/>
</kw>
<status status="PASS" starttime="20231019 17:42:29.081" endtime="20231019 17:42:29.595"/>
</kw>
<status status="PASS" starttime="20231019 17:42:27.904" endtime="20231019 17:42:29.595"/>
</kw>
<kw name="Login" library="CrmApp">
<kw name="Click On Login Page" library="LandingPage">
<kw name="Click Link" library="SeleniumLibrary">
<arg>login.html</arg>
<doc>Clicks a link identified by ``locator``.</doc>
<msg timestamp="20231019 17:42:29.596" level="INFO">Clicking link 'login.html'.</msg>
<status status="PASS" starttime="20231019 17:42:29.596" endtime="20231019 17:42:31.295"/>
</kw>
<status status="PASS" starttime="20231019 17:42:29.596" endtime="20231019 17:42:31.295"/>
</kw>
<kw name="Verify Login Page Loaded" library="LandingPage">
<kw name="Wait Until Page Contains" library="SeleniumLibrary">
<arg>Login</arg>
<doc>Waits until ``text`` appears on the current page.</doc>
<status status="PASS" starttime="20231019 17:42:31.295" endtime="20231019 17:42:31.810"/>
</kw>
<status status="PASS" starttime="20231019 17:42:31.295" endtime="20231019 17:42:31.810"/>
</kw>
<kw name="Input Email" library="LoginPage">
<kw name="Input Text" library="SeleniumLibrary">
<arg>id=email-id</arg>
<arg>admin@robotframeworktutorial.com</arg>
<doc>Types the given ``text`` into the text field identified by ``locator``.</doc>
<msg timestamp="20231019 17:42:31.811" level="INFO">Typing text 'admin@robotframeworktutorial.com' into text field 'id=email-id'.</msg>
<status status="PASS" starttime="20231019 17:42:31.810" endtime="20231019 17:42:33.418"/>
</kw>
<status status="PASS" starttime="20231019 17:42:31.810" endtime="20231019 17:42:33.418"/>
</kw>
<kw name="Input Password" library="LoginPage">
<kw name="Input Text" library="SeleniumLibrary">
<arg>id=password</arg>
<arg>admin</arg>
<doc>Types the given ``text`` into the text field identified by ``locator``.</doc>
<msg timestamp="20231019 17:42:33.419" level="INFO">Typing text 'admin' into text field 'id=password'.</msg>
<status status="PASS" starttime="20231019 17:42:33.418" endtime="20231019 17:42:35.012"/>
</kw>
<status status="PASS" starttime="20231019 17:42:33.418" endtime="20231019 17:42:35.012"/>
</kw>
<kw name="Click On Submit Button" library="LoginPage">
<kw name="Click Button" library="SeleniumLibrary">
<arg>id=submit-id</arg>
<doc>Clicks the button identified by ``locator``.</doc>
<msg timestamp="20231019 17:42:35.013" level="INFO">Clicking button 'id=submit-id'.</msg>
<status status="PASS" starttime="20231019 17:42:35.012" endtime="20231019 17:42:37.697"/>
</kw>
<status status="PASS" starttime="20231019 17:42:35.012" endtime="20231019 17:42:37.697"/>
</kw>
<kw name="Verify Customers Page Loaded" library="LoginPage">
<kw name="Wait Until Page Contains" library="SeleniumLibrary">
<arg>Our Happy Customers</arg>
<doc>Waits until ``text`` appears on the current page.</doc>
<status status="PASS" starttime="20231019 17:42:37.697" endtime="20231019 17:42:38.210"/>
</kw>
<status status="PASS" starttime="20231019 17:42:37.697" endtime="20231019 17:42:38.210"/>
</kw>
<status status="PASS" starttime="20231019 17:42:29.595" endtime="20231019 17:42:38.210"/>
</kw>
<kw name="Add New Customer" library="CrmApp">
<kw name="Click On New Customers Button" library="AddCustomers">
<kw name="Click Element" library="SeleniumLibrary">
<arg>id=new-customer</arg>
<doc>Click the element identified by ``locator``.</doc>
<msg timestamp="20231019 17:42:38.211" level="INFO">Clicking element 'id=new-customer'.</msg>
<status status="PASS" starttime="20231019 17:42:38.211" endtime="20231019 17:42:39.470"/>
</kw>
<status status="PASS" starttime="20231019 17:42:38.211" endtime="20231019 17:42:39.470"/>
</kw>
<kw name="Verify Add Customer Page Loaded" library="AddCustomers">
<kw name="Page Should Contain" library="SeleniumLibrary">
<arg>Add Customer</arg>
<doc>Verifies that current page contains ``text``.</doc>
<msg timestamp="20231019 17:42:40.505" level="INFO">Current page contains text 'Add Customer'.</msg>
<status status="PASS" starttime="20231019 17:42:39.471" endtime="20231019 17:42:40.505"/>
</kw>
<status status="PASS" starttime="20231019 17:42:39.470" endtime="20231019 17:42:40.505"/>
</kw>
<kw name="Input Customer Info" library="AddCustomers">
<kw name="Input Customer Email" library="AddCustomers">
<kw name="Input Text" library="SeleniumLibrary">
<arg>id=EmailAddress</arg>
<arg>janedoe@gmail.com</arg>
<doc>Types the given ``text`` into the text field identified by ``locator``.</doc>
<msg timestamp="20231019 17:42:40.507" level="INFO">Typing text 'janedoe@gmail.com' into text field 'id=EmailAddress'.</msg>
<status status="PASS" starttime="20231019 17:42:40.506" endtime="20231019 17:42:42.109"/>
</kw>
<status status="PASS" starttime="20231019 17:42:40.506" endtime="20231019 17:42:42.109"/>
</kw>
<kw name="Input Customer Name" library="AddCustomers">
<kw name="Input Text" library="SeleniumLibrary">
<arg>id=FirstName</arg>
<arg>Jane</arg>
<doc>Types the given ``text`` into the text field identified by ``locator``.</doc>
<msg timestamp="20231019 17:42:42.110" level="INFO">Typing text 'Jane' into text field 'id=FirstName'.</msg>
<status status="PASS" starttime="20231019 17:42:42.109" endtime="20231019 17:42:43.700"/>
</kw>
<kw name="Input Text" library="SeleniumLibrary">
<arg>id=LastName</arg>
<arg>Doe</arg>
<doc>Types the given ``text`` into the text field identified by ``locator``.</doc>
<msg timestamp="20231019 17:42:43.700" level="INFO">Typing text 'Doe' into text field 'id=LastName'.</msg>
<status status="PASS" starttime="20231019 17:42:43.700" endtime="20231019 17:42:45.278"/>
</kw>
<status status="PASS" starttime="20231019 17:42:42.109" endtime="20231019 17:42:45.278"/>
</kw>
<kw name="Input Customer City And State" library="AddCustomers">
<kw name="Input Text" library="SeleniumLibrary">
<arg>id=City</arg>
<arg>San Diego</arg>
<doc>Types the given ``text`` into the text field identified by ``locator``.</doc>
<msg timestamp="20231019 17:42:45.279" level="INFO">Typing text 'San Diego' into text field 'id=City'.</msg>
<status status="PASS" starttime="20231019 17:42:45.278" endtime="20231019 17:42:46.865"/>
</kw>
<kw name="Select From List By Value" library="SeleniumLibrary">
<arg>id=StateOrRegion</arg>
<arg>CA</arg>
<doc>Selects options from selection list ``locator`` by ``values``.</doc>
<msg timestamp="20231019 17:42:46.866" level="INFO">Selecting options from selection list 'id=StateOrRegion' by value CA.</msg>
<status status="PASS" starttime="20231019 17:42:46.865" endtime="20231019 17:42:51.066"/>
</kw>
<status status="PASS" starttime="20231019 17:42:45.278" endtime="20231019 17:42:51.066"/>
</kw>
<kw name="Input Customer Gender" library="AddCustomers">
<kw name="Select Radio Button" library="SeleniumLibrary">
<arg>gender</arg>
<arg>female</arg>
<doc>Sets the radio button group ``group_name`` to ``value``.</doc>
<msg timestamp="20231019 17:42:51.066" level="INFO">Selecting 'female' from radio button 'gender'.</msg>
<status status="PASS" starttime="20231019 17:42:51.066" endtime="20231019 17:42:52.637"/>
</kw>
<status status="PASS" starttime="20231019 17:42:51.066" endtime="20231019 17:42:52.637"/>
</kw>
<kw name="Check Promotional List" library="AddCustomers">
<kw name="Select Checkbox" library="SeleniumLibrary">
<arg>name=promos-name</arg>
<doc>Selects the checkbox identified by ``locator``.</doc>
<msg timestamp="20231019 17:42:52.641" level="INFO">Selecting checkbox 'name=promos-name'.</msg>
<status status="PASS" starttime="20231019 17:42:52.639" endtime="20231019 17:42:55.329"/>
</kw>
<status status="PASS" starttime="20231019 17:42:52.638" endtime="20231019 17:42:55.329"/>
</kw>
<status status="PASS" starttime="20231019 17:42:40.505" endtime="20231019 17:42:55.329"/>
</kw>
<kw name="Click Submit" library="AddCustomers">
<kw name="Click Button" library="SeleniumLibrary">
<arg>Submit</arg>
<doc>Clicks the button identified by ``locator``.</doc>
<msg timestamp="20231019 17:42:55.330" level="INFO">Clicking button 'Submit'.</msg>
<status status="PASS" starttime="20231019 17:42:55.330" endtime="20231019 17:42:57.554"/>
</kw>
<status status="PASS" starttime="20231019 17:42:55.329" endtime="20231019 17:42:57.554"/>
</kw>
<kw name="Verify Customer Succesfully Added" library="AddCustomers">
<kw name="Wait Until Page Contains" library="SeleniumLibrary">
<arg>Success! New customer added.</arg>
<doc>Waits until ``text`` appears on the current page.</doc>
<status status="PASS" starttime="20231019 17:42:57.554" endtime="20231019 17:42:58.065"/>
</kw>
<status status="PASS" starttime="20231019 17:42:57.554" endtime="20231019 17:42:58.065"/>
</kw>
<status status="PASS" starttime="20231019 17:42:38.210" endtime="20231019 17:42:58.065"/>
</kw>
<kw name="Sleep" library="BuiltIn">
<arg>3s</arg>
<doc>Pauses the test executed for the given time.</doc>
<msg timestamp="20231019 17:43:01.077" level="INFO">Slept 3 seconds</msg>
<status status="PASS" starttime="20231019 17:42:58.066" endtime="20231019 17:43:01.077"/>
</kw>
<kw name="End Web Test" library="CommonApp" type="TEARDOWN">
<kw name="Close Browser" library="SeleniumLibrary">
<doc>Closes the current browser.</doc>
<status status="PASS" starttime="20231019 17:43:01.081" endtime="20231019 17:43:03.646"/>
</kw>
<status status="PASS" starttime="20231019 17:43:01.080" endtime="20231019 17:43:03.646"/>
</kw>
<doc>This is some basic info about the TEST</doc>
<tag>1006</tag>
<tag>Contacts</tag>
<tag>Smoke</tag>
<status status="PASS" starttime="20231019 17:42:25.971" endtime="20231019 17:43:03.647"/>
</test>
<doc>This is some basic info about a whole SUITE</doc>
<status status="PASS" starttime="20231019 17:42:25.690" endtime="20231019 17:43:03.649"/>
</suite>
<statistics>
<total>
<stat pass="1" fail="0" skip="0">All Tests</stat>
</total>
<tag>
<stat pass="1" fail="0" skip="0">1006</stat>
<stat pass="1" fail="0" skip="0">Contacts</stat>
<stat pass="1" fail="0" skip="0">Smoke</stat>
</tag>
<suite>
<stat pass="1" fail="0" skip="0" id="s1" name="Crm">Crm</stat>
</suite>
</statistics>
<errors>
</errors>
</robot>
